total 84K
drwxr-xr-x  22 root root 4.0K Oct 15 03:04 .
drwxr-xr-x  22 root root 4.0K Oct 15 03:04 ..
drwxr-xr-x   2 root root 4.0K Oct 15 02:36 bin
drwxr-xr-x   3 root root 4.0K Mar 25  2015 boot
drwxr-xr-x  13 root root 3.8K Oct 15 03:04 dev
drwxr-xr-x  92 root root 4.0K Oct 15 03:04 etc
drwxr-xr-x   3 root root 4.0K Jun 14 12:49 home
lrwxrwxrwx   1 root root   33 Mar 25  2015 initrd.img -> boot/initrd.img-3.13.0-48-generic
drwxr-xr-x  21 root root 4.0K Oct 15 02:41 lib
drwxr-xr-x   2 root root 4.0K Mar 25  2015 lib64
drwx------   2 root root  16K Mar 25  2015 lost+found
drwxr-xr-x   2 root root 4.0K Mar 25  2015 media
drwxr-xr-x   2 root root 4.0K Apr 10  2014 mnt
drwxr-xr-x   2 root root 4.0K Mar 25  2015 opt
dr-xr-xr-x 118 root root    0 Oct 15 03:04 proc
drwx------   3 root root 4.0K Aug 13 04:23 root
drwxr-xr-x  18 root root  680 Oct 28 06:01 run
drwxr-xr-x   2 root root 4.0K Mar 25  2015 sbin
drwxr-xr-x   2 root root 4.0K Mar 25  2015 srv
dr-xr-xr-x  13 root root    0 Oct 15 03:04 sys
drwxrwxrwt   2 root root 4.0K Oct 28 06:25 tmp
drwxr-xr-x  10 root root 4.0K Mar 25  2015 usr
drwxr-xr-x  12 root root 4.0K Mar 25  2015 var
lrwxrwxrwx   1 root root   30 Mar 25  2015 vmlinuz -> boot/vmlinuz-3.13.0-48-generic
