 * Stopping Read required files in advance[122G[ OK ]
 * Starting Mount filesystems on boot[122G[ OK ]
 * Stopping Track if upstart is running in a container[122G[ OK ]
 * Starting Initialize or finalize resolvconf[122G[ OK ]
 * Starting set console keymap[122G[ OK ]
 * Starting Signal sysvinit that virtual filesystems are mounted[122G[ OK ]
 * Starting Signal sysvinit that virtual filesystems are mounted[122G[ OK ]
 * Starting Bridge udev events into upstart[122G[ OK ]
 * Stopping set console keymap[122G[ OK ]
 * Starting Signal sysvinit that remote filesystems are mounted[122G[ OK ]
 * Starting device node and kernel event manager[122G[ OK ]
 * Starting load modules from /etc/modules[122G[ OK ]
 * Starting cold plug devices[122G[ OK ]
 * Starting log initial device creation[122G[ OK ]
 * Stopping load modules from /etc/modules[122G[ OK ]
 * Starting Uncomplicated firewall[122G[ OK ]
 * Starting configure network device security[122G[ OK ]
 * Starting configure network device[122G[ OK ]
 * Starting Signal sysvinit that the rootfs is mounted[122G[ OK ]
 * Starting configure network device security[122G[ OK ]
 * Starting Mount network filesystems[122G[ OK ]
 * Starting Clean /tmp directory[122G[ OK ]
 * Stopping Mount network filesystems[122G[ OK ]
 * Starting configure network device[122G[ OK ]
 * Stopping Clean /tmp directory[122G[ OK ]
 * Starting Signal sysvinit that local filesystems are mounted[122G[ OK ]
 * Stopping Mount filesystems on boot[122G[ OK ]
 * Starting flush early job output to logs[122G[ OK ]
 * Stopping Failsafe Boot Delay[122G[ OK ]
 * Starting Enabling additional executable binary formats[122G[ OK ]
 * Starting System V initialisation compatibility[122G[ OK ]
 * Starting D-Bus system message bus[122G[ OK ]
 * Stopping flush early job output to logs[122G[ OK ]
 * Starting modem connection manager[122G[ OK ]
 * Starting configure network device security[122G[ OK ]
 * Starting SystemD login management service[122G[ OK ]
 * Starting system logging daemon[122G[ OK ]
 * Starting userspace bootsplash[122G[ OK ]
Skipping profile in /etc/apparmor.d/disable: usr.bin.firefox
 * Starting Send an event to indicate plymouth is up[122G[ OK ]
Skipping profile in /etc/apparmor.d/disable: usr.sbin.rsyslogd
 * Starting bluetooth daemon[122G[ OK ]
 * Starting configure network device[122G[ OK ]
 * Starting configure network device security[122G[ OK ]
 * Starting Bridge file events into upstart[122G[ OK ]
 * Starting mDNS/DNS-SD daemon[122G[ OK ]
 * Starting Reload cups, upon starting avahi-daemon to make sure remote queues are populated[122G[ OK ]
 * Starting Bridge socket events into upstart[122G[ OK ]
 * Stopping Reload cups, upon starting avahi-daemon to make sure remote queues are populated[122G[ OK ]
 * Starting network connection manager[122G[ OK ]
 * Stopping cold plug devices[122G[ OK ]
 * Stopping log initial device creation[122G[ OK ]
 * Starting configure network device security[122G[ OK ]
 * Starting save udev log and update rules[122G[ OK ]
 * Stopping save udev log and update rules[122G[ OK ]
 * Starting configure virtual network devices[122G[ OK ]
 * Stopping userspace bootsplash[122G[ OK ]
 * Starting AppArmor profiles       [160G [154G[ OK ]
 * Setting up X socket directories...       [160G [154G[ OK ]
 * Stopping System V initialisation compatibility[122G[ OK ]
 * Starting System V runlevel compatibility[122G[ OK ]
 * Starting ACPI daemon[122G[ OK ]
 * Starting anac(h)ronistic cron[122G[ OK ]
 * Starting save kernel messages[122G[ OK ]
 * Stopping save kernel messages[122G[ OK ]
 * Stopping CPU interrupts balancing daemon[122G[ OK ]
 * Starting regular background program processing daemon[122G[ OK ]
 * speech-dispatcher disabled; edit /etc/default/speech-dispatcher
 * Starting OpenSSH server[122G[ OK ]
 * Stopping anac(h)ronistic cron[122G[ OK ]
saned disabled; edit /etc/default/saned
 * Starting KVM[122G[ OK ]
 * Starting cups-browsed - Bonjour remote printer browsing daemon[122G[ OK ]
 * Stopping Restore Sound Card State[122G[ OK ]
 * Starting automatic crash report generation[122G[ OK ]
 * Restoring resolver state...       [160G [154G[ OK ]
